<?xml version="1.0" encoding="UTF-8"?>
<TestRun id="6a30b77c-1f01-4191-a9dc-773d6a6bcd88" name="admin@ADMIN-PC 2015-10-09 11:31:55" runUser="admin-PC\admin" xmlns="http://microsoft.com/schemas/VisualStudio/TeamTest/2010">
  <TestSettings name="Local" id="e94d40cc-ba1c-49e7-b953-c9a79a8d36ef">
    <Description>These are default test settings for a local test run.</Description>
    <Deployment enabled="false" runDeploymentRoot="admin_ADMIN-PC 2015-10-09 11_31_55">
      <DeploymentItem filename="C:\TDDTraining\Day4\TDD_ArithmeticQuiz\ArithmeticQuiz\ArithmeticQuiz\bin\Debug\ArithmeticQuiz.dll" />
    </Deployment>
    <Execution>
      <TestTypeSpecific />
      <AgentRule name="Execution Agents">
      </AgentRule>
    </Execution>
  </TestSettings>
  <Times creation="2015-10-09T11:31:55.9035206+05:30" queuing="2015-10-09T11:31:55.9185214+05:30" start="2015-10-09T11:31:55.9185214+05:30" finish="2015-10-09T11:31:56.0901217+05:30" />
  <ResultSummary outcome="Failed">
    <Counters total="1" executed="1" error="0" failed="1" timeout="0" aborted="0" inconclusive="0" passedButRunAborted="0" notRunnable="0" notExecuted="0" disconnected="0" warning="0" passed="0" completed="0" inProgress="0" pending="0" />
  </ResultSummary>
  <TestDefinitions>
    <UnitTest name="TestIfQuestionIsStored" storage="c:\tddtraining\day4\tdd_arithmeticquiz\arithmeticquiz\arithmeticquiztests\bin\debug\arithmeticquiztests.dll" id="fbcbfef2-a320-cc01-98e7-8dabd77bdc77">
      <Execution id="667f50c9-3928-4fb3-9e60-40401caafce4" />
      <TestMethod codeBase="C:/TDDTraining/Day4/TDD_ArithmeticQuiz/ArithmeticQuiz/ArithmeticQuizTests/bin/Debug/ArithmeticQuizTests.DLL" adapterTypeName="Microsoft.VisualStudio.TestTools.TestTypes.Unit.UnitTestAdapter, Microsoft.VisualStudio.QualityTools.Tips.UnitTest.Adapter, Version=10.0.0.0, Culture=neutral, PublicKeyToken=b03f5f7f11d50a3a" className="ArithmeticQuizTests.QuestionaarieRepoTest, ArithmeticQuizTests, Version=1.0.0.0, Culture=neutral, PublicKeyToken=null" name="TestIfQuestionIsStored" />
    </UnitTest>
  </TestDefinitions>
  <TestLists>
    <TestList name="Results Not in a List" id="8c84fa94-04c1-424b-9868-57a2d4851a1d" />
    <TestList name="All Loaded Results" id="19431567-8539-422a-85d7-44ee4e166bda" />
  </TestLists>
  <TestEntries>
    <TestEntry testId="fbcbfef2-a320-cc01-98e7-8dabd77bdc77" executionId="667f50c9-3928-4fb3-9e60-40401caafce4" testListId="8c84fa94-04c1-424b-9868-57a2d4851a1d" />
  </TestEntries>
  <Results>
    <UnitTestResult executionId="667f50c9-3928-4fb3-9e60-40401caafce4" testId="fbcbfef2-a320-cc01-98e7-8dabd77bdc77" testName="TestIfQuestionIsStored" computerName="ADMIN-PC" duration="00:00:00.0355999" startTime="2015-10-09T11:31:55.9185214+05:30" endTime="2015-10-09T11:31:56.0745217+05:30" testType="13cdc9d9-ddb5-4fa4-a97d-d965ccfc6d4b" outcome="Failed" testListId="8c84fa94-04c1-424b-9868-57a2d4851a1d" relativeResultsDirectory="667f50c9-3928-4fb3-9e60-40401caafce4">
      <Output>
        <ErrorInfo>
          <Message>Assert.IsTrue failed. </Message>
          <StackTrace>   at ArithmeticQuizTests.QuestionaarieRepoTest.TestIfQuestionIsStored() in C:\TDDTraining\Day4\TDD_ArithmeticQuiz\ArithmeticQuiz\ArithmeticQuizTests\QuestionaarieRepoTest.cs:line 39
</StackTrace>
        </ErrorInfo>
      </Output>
    </UnitTestResult>
  </Results>
</TestRun>