<?xml version="1.0" encoding="UTF-8"?>
<TestRun id="47e1991c-8aa7-4b4d-8ad3-f43c82c94619" name="admin@ADMIN-PC 2015-10-09 11:23:19" runUser="admin-PC\admin" xmlns="http://microsoft.com/schemas/VisualStudio/TeamTest/2010">
  <TestSettings name="Local" id="e94d40cc-ba1c-49e7-b953-c9a79a8d36ef">
    <Description>These are default test settings for a local test run.</Description>
    <Deployment enabled="false" runDeploymentRoot="admin_ADMIN-PC 2015-10-09 11_23_19">
      <DeploymentItem filename="C:\TDDTraining\Day4\TDD_ArithmeticQuiz\ArithmeticQuiz\ArithmeticQuiz\bin\Debug\ArithmeticQuiz.dll" />
    </Deployment>
    <Execution>
      <TestTypeSpecific />
      <AgentRule name="Execution Agents">
      </AgentRule>
    </Execution>
  </TestSettings>
  <Times creation="2015-10-09T11:23:19.3919051+05:30" queuing="2015-10-09T11:23:19.6189181+05:30" start="2015-10-09T11:23:19.6629206+05:30" finish="2015-10-09T11:23:19.9063268+05:30" />
  <ResultSummary outcome="Completed">
    <Counters total="1" executed="1" passed="1" error="0" failed="0" timeout="0" aborted="0" inconclusive="0" passedButRunAborted="0" notRunnable="0" notExecuted="0" disconnected="0" warning="0" completed="0" inProgress="0" pending="0" />
  </ResultSummary>
  <TestDefinitions>
    <UnitTest name="TestIfquestRepoIsNotNull" storage="c:\tddtraining\day4\tdd_arithmeticquiz\arithmeticquiz\arithmeticquiztests\bin\debug\arithmeticquiztests.dll" id="5a2ecb7b-98ca-82af-9f40-5379597c6f42">
      <Execution id="d190b5cd-a49c-4425-b2c9-f8a5119574e1" />
      <TestMethod codeBase="C:/TDDTraining/Day4/TDD_ArithmeticQuiz/ArithmeticQuiz/ArithmeticQuizTests/bin/Debug/ArithmeticQuizTests.DLL" adapterTypeName="Microsoft.VisualStudio.TestTools.TestTypes.Unit.UnitTestAdapter, Microsoft.VisualStudio.QualityTools.Tips.UnitTest.Adapter, Version=10.0.0.0, Culture=neutral, PublicKeyToken=b03f5f7f11d50a3a" className="ArithmeticQuizTests.QuestionaarieRepoTest, ArithmeticQuizTests, Version=1.0.0.0, Culture=neutral, PublicKeyToken=null" name="TestIfquestRepoIsNotNull" />
    </UnitTest>
  </TestDefinitions>
  <TestLists>
    <TestList name="Results Not in a List" id="8c84fa94-04c1-424b-9868-57a2d4851a1d" />
    <TestList name="All Loaded Results" id="19431567-8539-422a-85d7-44ee4e166bda" />
  </TestLists>
  <TestEntries>
    <TestEntry testId="5a2ecb7b-98ca-82af-9f40-5379597c6f42" executionId="d190b5cd-a49c-4425-b2c9-f8a5119574e1" testListId="8c84fa94-04c1-424b-9868-57a2d4851a1d" />
  </TestEntries>
  <Results>
    <UnitTestResult executionId="d190b5cd-a49c-4425-b2c9-f8a5119574e1" testId="5a2ecb7b-98ca-82af-9f40-5379597c6f42" testName="TestIfquestRepoIsNotNull" computerName="ADMIN-PC" duration="00:00:00.0074957" startTime="2015-10-09T11:23:19.6669209+05:30" endTime="2015-10-09T11:23:19.8751267+05:30" testType="13cdc9d9-ddb5-4fa4-a97d-d965ccfc6d4b" outcome="Passed" testListId="8c84fa94-04c1-424b-9868-57a2d4851a1d" relativeResultsDirectory="d190b5cd-a49c-4425-b2c9-f8a5119574e1">
    </UnitTestResult>
  </Results>
</TestRun>